TN:
SF:/home/ram/MindNerves/C#/TaskExcelMongoDB/Program.cs
FN:10,<Main>$(System.String[])
FNDA:0,<Main>$(System.String[])
FNF:1
FNH:0
BRF:0
BRH:0
DA:10,0
DA:13,0
DA:14,0
DA:15,0
DA:16,0
DA:17,0
DA:18,0
DA:19,0
DA:21,0
DA:23,0
DA:25,0
DA:27,0
DA:28,0
DA:30,0
LH:0
LF:14
end_of_record
SF:/home/ram/MindNerves/C#/TaskExcelMongoDB/Controllers/StoreExcelController.cs
FN:14,.ctor(TaskExcelMongoDB.Services.Interfaces.IStoreExcelService)
FN:21,UploadExcel()
FNDA:0,.ctor(TaskExcelMongoDB.Services.Interfaces.IStoreExcelService)
FNDA:0,UploadExcel()
FNF:2
FNH:0
BRF:0
BRH:0
DA:14,0
DA:15,0
DA:16,0
DA:17,0
DA:21,0
DA:22,0
DA:23,0
LH:0
LF:7
end_of_record
SF:/home/ram/MindNerves/C#/TaskExcelMongoDB/Controllers/UserController.cs
FN:16,.ctor(TaskExcelMongoDB.Data.MongoDBContext,TaskExcelMongoDB.Services.Interfaces.IUserService)
FN:30,CreateNewUser()
FN:36,EditUser()
FN:24,GetAllUsers()
FNDA:2,.ctor(TaskExcelMongoDB.Data.MongoDBContext,TaskExcelMongoDB.Services.Interfaces.IUserService)
FNDA:0,CreateNewUser()
FNDA:0,EditUser()
FNDA:2,GetAllUsers()
FNF:4
FNH:2
BRF:0
BRH:0
DA:16,2
DA:17,2
DA:18,2
DA:19,2
DA:20,2
DA:24,2
DA:25,2
DA:26,2
DA:30,0
DA:31,0
DA:32,0
DA:36,0
DA:37,0
DA:38,0
LH:8
LF:14
end_of_record
SF:/home/ram/MindNerves/C#/TaskExcelMongoDB/Data/MongoDBContext.cs
FN:20,get_Users()
FN:15,.ctor(Microsoft.Extensions.Configuration.IConfiguration)
FNDA:0,get_Users()
FNDA:0,.ctor(Microsoft.Extensions.Configuration.IConfiguration)
FNF:2
FNH:0
BRF:0
BRH:0
DA:15,0
DA:16,0
DA:17,0
DA:18,0
DA:20,0
LH:0
LF:5
end_of_record
SF:/home/ram/MindNerves/C#/TaskExcelMongoDB/Exceptions/InvalidUserDataException.cs
FN:10,.ctor(System.String)
FNDA:6,.ctor(System.String)
FNF:1
FNH:1
BRF:0
BRH:0
DA:10,6
LH:1
LF:1
end_of_record
SF:/home/ram/MindNerves/C#/TaskExcelMongoDB/Exceptions/ValidationException.cs
FN:10,.ctor(System.String)
FNDA:0,.ctor(System.String)
FNF:1
FNH:0
BRF:0
BRH:0
DA:10,0
LH:0
LF:1
end_of_record
SF:/home/ram/MindNerves/C#/TaskExcelMongoDB/Middlewares/ExceptionHandlingMiddleware.cs
FN:16,.ctor(Microsoft.AspNetCore.Http.RequestDelegate,Microsoft.Extensions.Logging.ILogger`1<TaskExcelMongoDB.Middleware.ExceptionHandlingMiddleware>)
FN:35,HandleExceptionAsync()
FN:23,InvokeAsync()
FNDA:0,.ctor(Microsoft.AspNetCore.Http.RequestDelegate,Microsoft.Extensions.Logging.ILogger`1<TaskExcelMongoDB.Middleware.ExceptionHandlingMiddleware>)
FNDA:0,HandleExceptionAsync()
FNDA:0,InvokeAsync()
FNF:3
FNH:0
BRDA:39,39,0,-
BRDA:39,39,1,-
BRDA:39,39,2,-
BRDA:39,39,3,-
BRDA:39,39,4,-
BRDA:39,39,5,-
BRDA:39,39,6,-
BRDA:39,39,7,-
BRF:8
BRH:0
DA:16,0
DA:17,0
DA:18,0
DA:19,0
DA:20,0
DA:23,0
DA:25,0
DA:26,0
DA:27,0
DA:28,0
DA:29,0
DA:30,0
DA:31,0
DA:32,0
DA:35,0
DA:36,0
DA:39,0
DA:40,0
DA:41,0
DA:42,0
DA:43,0
DA:44,0
DA:45,0
DA:46,0
DA:48,0
DA:49,0
DA:50,0
DA:51,0
DA:52,0
LH:0
LF:29
end_of_record
SF:/home/ram/MindNerves/C#/TaskExcelMongoDB/Middlewares/ExceptionHandlingMiddleware.cs
FN:57,get_StatusCode()
FN:58,get_Message()
FN:60,.ctor(System.Net.HttpStatusCode,System.String)
FNDA:0,get_StatusCode()
FNDA:0,get_Message()
FNDA:0,.ctor(System.Net.HttpStatusCode,System.String)
FNF:3
FNH:0
BRF:0
BRH:0
DA:57,0
DA:58,0
DA:60,0
DA:61,0
DA:62,0
DA:63,0
DA:64,0
LH:0
LF:7
end_of_record
SF:/home/ram/MindNerves/C#/TaskExcelMongoDB/Models/User.cs
FN:11,get_Id()
FN:14,get_FullName()
FN:17,get_MobileNo()
FN:19,get_Address()
FN:20,get_Salary()
FN:22,get_DateOfBirth()
FNDA:12,get_Id()
FNDA:24,get_FullName()
FNDA:17,get_MobileNo()
FNDA:21,get_Address()
FNDA:10,get_Salary()
FNDA:17,get_DateOfBirth()
FNF:6
FNH:6
BRF:0
BRH:0
DA:11,12
DA:14,24
DA:17,17
DA:19,21
DA:20,10
DA:22,17
LH:6
LF:6
end_of_record
SF:/home/ram/MindNerves/C#/TaskExcelMongoDB/Repositories/Implementations/StoreExcelRepository.cs
FN:18,.ctor(TaskExcelMongoDB.Data.MongoDBContext)
FN:24,InsertUsers()
FNDA:0,.ctor(TaskExcelMongoDB.Data.MongoDBContext)
FNDA:0,InsertUsers()
FNF:2
FNH:0
BRDA:25,25,8,-
BRDA:25,25,9,-
BRDA:25,25,10,-
BRDA:25,25,11,-
BRF:4
BRH:0
DA:18,0
DA:19,0
DA:20,0
DA:21,0
DA:24,0
DA:25,0
DA:27,0
DA:28,0
DA:29,0
LH:0
LF:9
end_of_record
SF:/home/ram/MindNerves/C#/TaskExcelMongoDB/Repositories/Implementations/UserRepository.cs
FN:19,.ctor(TaskExcelMongoDB.Data.IMongoDBContext)
FN:37,CreateNewUser()
FN:49,EditUser()
FN:25,GetAllUsers()
FNDA:6,.ctor(TaskExcelMongoDB.Data.IMongoDBContext)
FNDA:2,CreateNewUser()
FNDA:1,EditUser()
FNDA:0,GetAllUsers()
FNF:4
FNH:3
BRDA:28,28,12,-
BRDA:28,28,13,-
BRDA:38,38,14,1
BRDA:38,38,15,1
BRDA:38,38,16,1
BRDA:38,38,17,1
BRDA:38,38,18,1
BRDA:38,38,19,1
BRDA:38,38,20,1
BRDA:38,38,21,1
BRDA:38,38,22,1
BRDA:38,38,23,1
BRDA:50,50,24,1
BRDA:50,50,25,1
BRDA:50,50,26,1
BRDA:50,50,27,1
BRDA:50,50,28,1
BRDA:50,50,29,1
BRDA:50,50,30,-
BRDA:50,50,31,-
BRDA:50,50,32,-
BRDA:50,50,33,-
BRF:22
BRH:16
DA:19,6
DA:20,6
DA:21,6
DA:22,6
DA:25,0
DA:26,0
DA:28,0
DA:29,0
DA:30,0
DA:33,0
DA:34,0
DA:37,2
DA:38,2
DA:39,2
DA:40,1
DA:41,1
DA:44,1
DA:45,1
DA:46,1
DA:49,1
DA:50,1
DA:51,1
DA:52,1
DA:53,1
DA:56,0
DA:57,0
DA:58,0
DA:59,0
DA:60,0
DA:61,0
DA:62,0
DA:63,0
DA:64,0
DA:65,0
LH:17
LF:34
end_of_record
SF:/home/ram/MindNerves/C#/TaskExcelMongoDB/Services/Implementations/FileProcessingService.cs
FN:15,ProcessExcelFileAsync()
FNDA:0,ProcessExcelFileAsync()
FNF:1
FNH:0
BRDA:23,23,34,-
BRDA:23,23,35,-
BRDA:27,27,36,-
BRDA:27,27,37,-
BRDA:30,30,38,-
BRDA:30,30,39,-
BRDA:30,30,40,-
BRDA:30,30,41,-
BRDA:30,30,42,-
BRDA:30,30,43,-
BRDA:30,30,44,-
BRDA:30,30,45,-
BRDA:30,30,46,-
BRDA:30,30,47,-
BRDA:30,30,48,-
BRDA:30,30,49,-
BRDA:30,30,50,-
BRDA:30,30,51,-
BRDA:30,30,52,-
BRDA:30,30,53,-
BRDA:30,30,54,-
BRDA:30,30,55,-
BRDA:30,30,56,-
BRDA:30,30,57,-
BRF:24
BRH:0
DA:15,0
DA:16,0
DA:18,0
DA:19,0
DA:20,0
DA:21,0
DA:22,0
DA:23,0
DA:24,0
DA:25,0
DA:27,0
DA:28,0
DA:29,0
DA:30,0
DA:31,0
DA:32,0
DA:33,0
DA:34,0
DA:35,0
DA:36,0
DA:37,0
DA:38,0
DA:39,0
DA:40,0
DA:41,0
DA:43,0
DA:44,0
LH:0
LF:27
end_of_record
SF:/home/ram/MindNerves/C#/TaskExcelMongoDB/Services/Implementations/StoreExcelService.cs
FN:14,.ctor(TaskExcelMongoDB.Repositories.Interfaces.IStoreExcelRepository,TaskExcelMongoDB.Services.Interfaces.IFileProcessingService)
FN:21,UploadExcel()
FNDA:0,.ctor(TaskExcelMongoDB.Repositories.Interfaces.IStoreExcelRepository,TaskExcelMongoDB.Services.Interfaces.IFileProcessingService)
FNDA:0,UploadExcel()
FNF:2
FNH:0
BRDA:22,22,58,-
BRDA:22,22,59,-
BRDA:22,22,60,-
BRDA:22,22,61,-
BRDA:28,28,62,-
BRDA:28,28,63,-
BRF:6
BRH:0
DA:14,0
DA:15,0
DA:16,0
DA:17,0
DA:18,0
DA:21,0
DA:22,0
DA:23,0
DA:24,0
DA:27,0
DA:28,0
DA:29,0
DA:30,0
DA:33,0
DA:34,0
LH:0
LF:15
end_of_record
SF:/home/ram/MindNerves/C#/TaskExcelMongoDB/Services/Implementations/UserService.cs
FN:16,.ctor(TaskExcelMongoDB.Repositories.Interfaces.IUserRepository)
FN:34,CreateNewUser()
FN:43,EditUser()
FN:22,GetAllUsers()
FNDA:2,.ctor(TaskExcelMongoDB.Repositories.Interfaces.IUserRepository)
FNDA:0,CreateNewUser()
FNDA:0,EditUser()
FNDA:2,GetAllUsers()
FNF:4
FNH:2
BRDA:35,35,64,-
BRDA:35,35,65,-
BRDA:44,44,66,-
BRDA:44,44,67,-
BRDA:44,44,68,-
BRDA:44,44,69,-
BRDA:44,44,70,-
BRDA:44,44,71,-
BRDA:44,44,72,-
BRDA:44,44,73,-
BRF:10
BRH:0
DA:16,2
DA:17,2
DA:18,2
DA:19,2
DA:22,2
DA:24,2
DA:25,2
DA:26,2
DA:27,2
DA:28,2
DA:30,2
DA:31,2
DA:34,0
DA:35,0
DA:36,0
DA:38,0
DA:39,0
DA:40,0
DA:43,0
DA:44,0
DA:45,0
DA:46,0
DA:47,0
LH:12
LF:23
end_of_record
SF:/home/ram/MindNerves/C#/TaskExcelMongoDB/Test/Repositories/UserRepositoryTests.cs
FN:20,.ctor()
FN:69,CreateNewUser_ShouldAddUser_WhenDataIsValid()
FN:91,CreateNewUser_ShouldThrowException_WhenDataIsInvalid()
FN:136,EditUser_ShouldThrowException_WhenDataIsInvalid()
FN:109,EditUser_ShouldUpdateUser_WhenDataIsValid()
FN:30,GetAllUsers_ShouldReturnUserList_WhenDataIsValid()
FN:51,GetAllUsers_ShouldThrowException_WhenUserDataIsInvalid()
FNDA:0,.ctor()
FNDA:0,CreateNewUser_ShouldAddUser_WhenDataIsValid()
FNDA:0,CreateNewUser_ShouldThrowException_WhenDataIsInvalid()
FNDA:0,EditUser_ShouldThrowException_WhenDataIsInvalid()
FNDA:0,EditUser_ShouldUpdateUser_WhenDataIsValid()
FNDA:0,GetAllUsers_ShouldReturnUserList_WhenDataIsValid()
FNDA:0,GetAllUsers_ShouldThrowException_WhenUserDataIsInvalid()
FNF:7
FNH:0
BRDA:85,85,74,-
BRDA:85,85,75,-
BRF:2
BRH:0
DA:20,0
DA:21,0
DA:22,0
DA:23,0
DA:24,0
DA:25,0
DA:26,0
DA:30,0
DA:32,0
DA:33,0
DA:34,0
DA:35,0
DA:36,0
DA:38,0
DA:39,0
DA:40,0
DA:43,0
DA:46,0
DA:47,0
DA:51,0
DA:53,0
DA:54,0
DA:55,0
DA:56,0
DA:57,0
DA:59,0
DA:60,0
DA:61,0
DA:64,0
DA:65,0
DA:69,0
DA:71,0
DA:72,0
DA:73,0
DA:74,0
DA:75,0
DA:76,0
DA:77,0
DA:78,0
DA:79,0
DA:82,0
DA:85,0
DA:86,0
DA:87,0
DA:91,0
DA:93,0
DA:94,0
DA:95,0
DA:96,0
DA:97,0
DA:98,0
DA:99,0
DA:100,0
DA:101,0
DA:104,0
DA:105,0
DA:109,0
DA:111,0
DA:112,0
DA:113,0
DA:114,0
DA:115,0
DA:116,0
DA:117,0
DA:118,0
DA:119,0
DA:121,0
DA:122,0
DA:123,0
DA:124,0
DA:125,0
DA:128,0
DA:131,0
DA:132,0
DA:136,0
DA:138,0
DA:139,0
DA:140,0
DA:141,0
DA:142,0
DA:143,0
DA:144,0
DA:145,0
DA:146,0
DA:149,0
DA:150,0
LH:0
LF:86
end_of_record
SF:/home/ram/MindNerves/C#/TaskExcelMongoDB/Test/TestMongoDBContext.cs
FN:17,get_Users()
FN:12,.ctor(MongoDB.Driver.IMongoCollection`1<TaskExcelMongoDB.Models.User>)
FN:16,get_Users()
FN:11,.ctor(MongoDB.Driver.IMongoCollection`1<TaskExcelMongoDB.Models.User>)
FNDA:0,get_Users()
FNDA:0,.ctor(MongoDB.Driver.IMongoCollection`1<TaskExcelMongoDB.Models.User>)
FNDA:0,get_Users()
FNDA:0,.ctor(MongoDB.Driver.IMongoCollection`1<TaskExcelMongoDB.Models.User>)
FNF:4
FNH:0
BRF:0
BRH:0
DA:11,0
DA:12,0
DA:13,0
DA:14,0
DA:15,0
DA:16,0
DA:17,0
LH:0
LF:7
end_of_record
SF:/home/ram/MindNerves/C#/TaskExcelMongoDB/Test/UserControllerTests.cs
FN:16,.ctor()
FN:24,GetAllUsers_ShouldReturnOk_WhenUsersExist()
FNDA:0,.ctor()
FNDA:0,GetAllUsers_ShouldReturnOk_WhenUsersExist()
FNF:2
FNH:0
BRDA:52,52,76,-
BRDA:52,52,77,-
BRDA:52,52,78,-
BRDA:52,52,79,-
BRDA:52,52,80,-
BRDA:52,52,81,-
BRF:6
BRH:0
DA:16,0
DA:17,0
DA:18,0
DA:19,0
DA:20,0
DA:24,0
DA:26,0
DA:27,0
DA:28,0
DA:29,0
DA:30,0
DA:31,0
DA:32,0
DA:33,0
DA:34,0
DA:35,0
DA:36,0
DA:37,0
DA:38,0
DA:39,0
DA:40,0
DA:41,0
DA:42,0
DA:44,0
DA:45,0
DA:46,0
DA:49,0
DA:52,0
DA:53,0
DA:54,0
DA:55,0
DA:56,0
DA:57,0
DA:58,0
DA:60,0
DA:61,0
DA:62,0
DA:65,0
DA:66,0
DA:67,0
DA:68,0
DA:69,0
LH:0
LF:42
end_of_record
SF:/home/ram/MindNerves/C#/TaskExcelMongoDB/Test/UserServiceTests.cs
FN:17,.ctor()
FN:25,GetAllUsers_ShouldReturnOk_WhenUsersExist()
FNDA:0,.ctor()
FNDA:0,GetAllUsers_ShouldReturnOk_WhenUsersExist()
FNF:2
FNH:0
BRF:0
BRH:0
DA:17,0
DA:18,0
DA:19,0
DA:20,0
DA:21,0
DA:25,0
DA:27,0
DA:28,0
DA:29,0
DA:30,0
DA:31,0
DA:33,0
DA:36,0
DA:39,0
DA:40,0
DA:41,0
DA:42,0
DA:43,0
DA:44,0
LH:0
LF:19
end_of_record
